<?xml version="1.0" encoding="utf-8" standalone="no"?>
<!--This file represents the results of running a test suite-->
<test-results name="C:\Dropbox\Dev\C#\Works.Fluent\Works.Fluent.nunit" total="17" errors="0" failures="2" not-run="0" inconclusive="0" ignored="0" skipped="0" invalid="0" date="2014-01-13" time="15:26:31">
  <environment nunit-version="2.6.3.13283" clr-version="4.0.30319.18052" os-version="Microsoft Windows NT 6.1.7601 Service Pack 1" platform="Win32NT" cwd="C:\Dropbox\Dev\NUnit\NUnit-2.6.3\bin" machine-name="SPEEDY" user="Wayne" user-domain="SPEEDY" />
  <culture-info current-culture="en-AU" current-uiculture="en-US" />
  <test-suite type="Project" name="C:\Dropbox\Dev\C#\Works.Fluent\Works.Fluent.nunit" executed="True" result="Failure" success="False" time="0.390" asserts="0">
    <results>
      <test-suite type="Assembly" name="C:\Dropbox\Dev\C#\Works.Fluent\Works.Fluent.Tests\bin\Debug\Works.Fluent.Tests.dll" executed="True" result="Failure" success="False" time="0.366" asserts="0">
        <results>
          <test-suite type="Namespace" name="Works" executed="True" result="Failure" success="False" time="0.365" asserts="0">
            <results>
              <test-suite type="Namespace" name="Fluent" executed="True" result="Failure" success="False" time="0.365" asserts="0">
                <results>
                  <test-suite type="Namespace" name="Tests" executed="True" result="Failure" success="False" time="0.365" asserts="0">
                    <results>
                      <test-suite type="TestFixture" name="FluentExceptionHandlerTests" executed="True" result="Success" success="True" time="0.126" asserts="0">
                        <results>
                          <test-case name="Works.Fluent.Tests.FluentExceptionHandlerTests.Handle_Should_Return_An_Object_Instance" executed="True" result="Success" success="True" time="0.063" asserts="1" />
                          <test-case name="Works.Fluent.Tests.FluentExceptionHandlerTests.Handle_Should_Throw_ArgumentNullException_For_Null_Handler" executed="True" result="Success" success="True" time="0.005" asserts="1" />
                          <test-case name="Works.Fluent.Tests.FluentExceptionHandlerTests.Try_Should_Execute_Action" executed="True" result="Success" success="True" time="0.003" asserts="1" />
                          <test-case name="Works.Fluent.Tests.FluentExceptionHandlerTests.Try_Should_Handle_Registered_Exception" executed="True" result="Success" success="True" time="0.002" asserts="1" />
                          <test-case name="Works.Fluent.Tests.FluentExceptionHandlerTests.Try_Should_Not_Handle_Unregistered_Exception" executed="True" result="Success" success="True" time="0.002" asserts="1" />
                          <test-case name="Works.Fluent.Tests.FluentExceptionHandlerTests.Try_T_Should_Return_Default_When_Exception" executed="True" result="Success" success="True" time="0.002" asserts="1" />
                          <test-case name="Works.Fluent.Tests.FluentExceptionHandlerTests.Try_T_Should_Return_Func_Result_When_No_Exceptions" executed="True" result="Success" success="True" time="0.001" asserts="1" />
                          <test-case name="Works.Fluent.Tests.FluentExceptionHandlerTests.Unhandled_Should_Handle_Unregistered_Exceptions" executed="True" result="Success" success="True" time="0.002" asserts="1" />
                          <test-case name="Works.Fluent.Tests.FluentExceptionHandlerTests.Unhandled_Should_Not_Handle_Registered_Exceptions" executed="True" result="Success" success="True" time="0.001" asserts="1" />
                          <test-case name="Works.Fluent.Tests.FluentExceptionHandlerTests.Unhandled_Should_Throw_ArgumentNullException_For_Null_Handler" executed="True" result="Success" success="True" time="0.001" asserts="1" />
                        </results>
                      </test-suite>
                      <test-suite type="TestFixture" name="FluentSwitchTests" executed="True" result="Failure" success="False" time="0.075" asserts="0">
                        <results>
                          <test-case name="Works.Fluent.Tests.FluentSwitchTests.Case_Should_Match_Null_Value" executed="True" result="Failure" success="False" time="0.021" asserts="1">
                            <failure>
                              <message><![CDATA[  Expected: True
  But was:  False
]]></message>
                              <stack-trace><![CDATA[at Works.Fluent.Tests.FluentSwitchTests.Case_Should_Match_Null_Value() in c:\Dropbox\Dev\C#\Works.Fluent\Works.Fluent.Tests\FluentSwitchTests.cs:line 21
]]></stack-trace>
                            </failure>
                          </test-case>
                          <test-case name="Works.Fluent.Tests.FluentSwitchTests.Case_Should_Throw_ArgumentNullException_When_Values_Is_Null" executed="True" result="Success" success="True" time="0.002" asserts="1" />
                          <test-case name="Works.Fluent.Tests.FluentSwitchTests.Case_With_Single_Arg_Should_Execute_On_Match" executed="True" result="Failure" success="False" time="0.002" asserts="1">
                            <failure>
                              <message><![CDATA[  Expected: True
  But was:  False
]]></message>
                              <stack-trace><![CDATA[at Works.Fluent.Tests.FluentSwitchTests.Case_With_Single_Arg_Should_Execute_On_Match() in c:\Dropbox\Dev\C#\Works.Fluent\Works.Fluent.Tests\FluentSwitchTests.cs:line 60
]]></stack-trace>
                            </failure>
                          </test-case>
                          <test-case name="Works.Fluent.Tests.FluentSwitchTests.Case_With_Single_Arg_Should_Not_Execute_When_Not_Matched" executed="True" result="Success" success="True" time="0.000" asserts="0" />
                          <test-case name="Works.Fluent.Tests.FluentSwitchTests.Comparer_Should_Return_An_Object_Instance" executed="True" result="Success" success="True" time="0.002" asserts="1" />
                          <test-case name="Works.Fluent.Tests.FluentSwitchTests.Comparer_Should_Throw_ArgumentNullException_When_Comparer_Is_Null" executed="True" result="Success" success="True" time="0.001" asserts="1" />
                          <test-case name="Works.Fluent.Tests.FluentSwitchTests.Default_Should_Allow_Null" executed="True" result="Success" success="True" time="0.005" asserts="1" />
                        </results>
                      </test-suite>
                    </results>
                  </test-suite>
                </results>
              </test-suite>
            </results>
          </test-suite>
        </results>
      </test-suite>
    </results>
  </test-suite>
</test-results>